<?xml version="1.0" encoding="UTF-8"?>
<testsuite name="tests.Login" tests="1" skipped="0" failures="0" errors="0" timestamp="2023-03-23T09:10:38" hostname="LAPTOP-AKMCIEGD" time="12.762">
  <properties/>
  <testcase name="Login1" classname="tests.Login" time="12.762"/>
  <system-out><![CDATA[]]></system-out>
  <system-err><![CDATA[]]></system-err>
</testsuite>
